<?xml version="1.0" encoding="UTF-8"?>
<!-- Generated by org.testng.reporters.JUnitReportReporter -->
<testsuite hostname="DESKTOP-HSMH7BK" failures="0" tests="4" name="com.qa.tests.PostAPITest" time="9.484" errors="0" timestamp="2020-10-12T16:17:42 IST" skipped="0">
  <testcase classname="com.qa.tests.PostAPITest" name="AddPlaceInGoogleMap" time="3.570"/>
  <system-out/>
  <testcase classname="com.qa.tests.PostAPITest" name="DisplayPlaceInGoogleMap" time="1.639"/>
  <system-out/>
  <testcase classname="com.qa.tests.PostAPITest" name="UpdatePlaceInGoogleMap" time="2.545"/>
  <system-out/>
  <testcase classname="com.qa.tests.PostAPITest" name="DeletePlaceInGoogleMap" time="1.730"/>
  <system-out/>
</testsuite> <!-- com.qa.tests.PostAPITest -->
