<?xml version="1.0" encoding="UTF-8"?>
<!-- Generated by org.testng.reporters.JUnitReportReporter -->
<testsuite hostname="DESKTOP-HSMH7BK" failures="0" tests="4" name="com.qa.tests.APITest" time="14.665" errors="0" timestamp="2020-10-12T18:53:13 IST" skipped="0">
  <testcase classname="com.qa.tests.APITest" name="AddPlaceInGoogleMap" time="7.229"/>
  <system-out/>
  <testcase classname="com.qa.tests.APITest" name="DisplayPlaceInGoogleMap" time="1.720"/>
  <system-out/>
  <testcase classname="com.qa.tests.APITest" name="UpdatePlaceInGoogleMap" time="3.927"/>
  <system-out/>
  <testcase classname="com.qa.tests.APITest" name="DeletePlaceInGoogleMap" time="1.789"/>
  <system-out/>
</testsuite> <!-- com.qa.tests.APITest -->
